<?xml version="1.0" encoding="UTF-8"?>
<testng-results skipped="0" failed="0" total="1" passed="1">
  <reporter-output>
  </reporter-output>
  <suite name="Default suite" duration-ms="37015" started-at="2017-04-27T07:39:32Z" finished-at="2017-04-27T07:40:09Z">
    <groups>
    </groups>
    <test name="Default test" duration-ms="37015" started-at="2017-04-27T07:39:32Z" finished-at="2017-04-27T07:40:09Z">
      <class name="testNGOnePack.DialPad">
        <test-method status="PASS" signature="setUp()[pri:0, instance:testNGOnePack.DialPad@5bd03f44]" name="setUp" is-config="true" duration-ms="17255" started-at="2017-04-27T14:39:32Z" finished-at="2017-04-27T14:39:50Z">
          <reporter-output>
          </reporter-output>
        </test-method> <!-- setUp -->
        <test-method status="PASS" signature="dial()[pri:0, instance:testNGOnePack.DialPad@5bd03f44]" name="dial" duration-ms="15208" started-at="2017-04-27T14:39:50Z" finished-at="2017-04-27T14:40:05Z">
          <reporter-output>
          </reporter-output>
        </test-method> <!-- dial -->
        <test-method status="PASS" signature="tearDown()[pri:0, instance:testNGOnePack.DialPad@5bd03f44]" name="tearDown" is-config="true" duration-ms="4530" started-at="2017-04-27T14:40:05Z" finished-at="2017-04-27T14:40:09Z">
          <reporter-output>
          </reporter-output>
        </test-method> <!-- tearDown -->
      </class> <!-- testNGOnePack.DialPad -->
    </test> <!-- Default test -->
  </suite> <!-- Default suite -->
</testng-results>
